<?xml version="1.0" encoding="UTF-8"?>
<testng-results ignored="0" total="1" passed="1" failed="0" skipped="0">
  <reporter-output>
  </reporter-output>
  <suite started-at="2022-04-24T14:08:30 IST" name="Default suite" finished-at="2022-04-24T14:08:46 IST" duration-ms="16174">
    <groups>
    </groups>
    <test started-at="2022-04-24T14:08:30 IST" name="Default test" finished-at="2022-04-24T14:08:46 IST" duration-ms="16174">
      <class name="StaticWebTable">
        <test-method is-config="true" signature="extentReport()[pri:0, instance:StaticWebTable@13fd2ccd]" started-at="2022-04-24T14:08:30 IST" name="extentReport" finished-at="2022-04-24T14:08:31 IST" duration-ms="926" status="PASS">
          <reporter-output>
          </reporter-output>
        </test-method> <!-- extentReport -->
        <test-method signature="launchApplication()[pri:0, instance:StaticWebTable@13fd2ccd]" started-at="2022-04-24T14:08:31 IST" name="launchApplication" finished-at="2022-04-24T14:08:44 IST" duration-ms="13527" status="PASS">
          <reporter-output>
          </reporter-output>
        </test-method> <!-- launchApplication -->
        <test-method is-config="true" signature="closeApplication()[pri:0, instance:StaticWebTable@13fd2ccd]" started-at="2022-04-24T14:08:44 IST" name="closeApplication" finished-at="2022-04-24T14:08:46 IST" duration-ms="1561" status="PASS">
          <reporter-output>
          </reporter-output>
        </test-method> <!-- closeApplication -->
      </class> <!-- StaticWebTable -->
    </test> <!-- Default test -->
  </suite> <!-- Default suite -->
</testng-results>
